


ARM Macro Assembler    Page 1 


    1 00000000         ;/******************************************************
                       ********************//**
    2 00000000         ; * @file     startup_CM3DS_MPS2.s
    3 00000000         ; * @brief    CMSIS Cortex-M3 Core Device Startup File f
                       or
    4 00000000         ; *           Device CM3DS_MPS2
    5 00000000         ; * @version  V3.01
    6 00000000         ; * @date     06. March 2012
    7 00000000         ; *
    8 00000000         ; * @note
    9 00000000         ; * Copyright (C) 2012,2017 ARM Limited. All rights rese
                       rved.
   10 00000000         ; *
   11 00000000         ; * @par
   12 00000000         ; * ARM Limited (ARM) is supplying this software for use
                        with Cortex-M
   13 00000000         ; * processor based microcontrollers.  This file can be 
                       freely distributed
   14 00000000         ; * within development tools that are supporting such AR
                       M based processors.
   15 00000000         ; *
   16 00000000         ; * @par
   17 00000000         ; * THIS SOFTWARE IS PROVIDED "AS IS".  NO WARRANTIES, W
                       HETHER EXPRESS, IMPLIED
   18 00000000         ; * OR STATUTORY, INCLUDING, BUT NOT LIMITED TO, IMPLIED
                        WARRANTIES OF
   19 00000000         ; * MERCHANTABILITY AND FITNESS FOR A PARTICULAR PURPOSE
                        APPLY TO THIS SOFTWARE.
   20 00000000         ; * ARM SHALL NOT, IN ANY CIRCUMSTANCES, BE LIABLE FOR S
                       PECIAL, INCIDENTAL, OR
   21 00000000         ; * CONSEQUENTIAL DAMAGES, FOR ANY REASON WHATSOEVER.
   22 00000000         ; *
   23 00000000         ; ******************************************************
                       ************************/
   24 00000000         ;/*
   25 00000000         ;//-------- <<< Use Configuration Wizard in Context Menu
                        >>> ------------------
   26 00000000         ;*/
   27 00000000         
   28 00000000         
   29 00000000         ; <h> Stack Configuration
   30 00000000         ;   <o> Stack Size (in Bytes) <0x0-0xFFFFFFFF:8>
   31 00000000         ; </h>
   32 00000000         
   33 00000000 00000400 
                       Stack_Size
                               EQU              0x00000400
   34 00000000         
   35 00000000                 AREA             STACK, NOINIT, READWRITE, ALIGN
=3
   36 00000000         Stack_Mem
                               SPACE            Stack_Size
   37 00000400         __initial_sp
   38 00000400         
   39 00000400         
   40 00000400         ; <h> Heap Configuration
   41 00000400         ;   <o>  Heap Size (in Bytes) <0x0-0xFFFFFFFF:8>
   42 00000400         ; </h>
   43 00000400         



ARM Macro Assembler    Page 2 


   44 00000400 00000C00 
                       Heap_Size
                               EQU              0x00000C00
   45 00000400         
   46 00000400                 AREA             HEAP, NOINIT, READWRITE, ALIGN=
3
   47 00000000         __heap_base
   48 00000000         Heap_Mem
                               SPACE            Heap_Size
   49 00000C00         __heap_limit
   50 00000C00         
   51 00000C00         
   52 00000C00                 PRESERVE8
   53 00000C00                 THUMB
   54 00000C00         
   55 00000C00         
   56 00000C00         ; Vector Table Mapped to Address 0 at Reset
   57 00000C00         
   58 00000C00                 AREA             RESET, DATA, READONLY
   59 00000000                 EXPORT           __Vectors
   60 00000000                 EXPORT           __Vectors_End
   61 00000000                 EXPORT           __Vectors_Size
   62 00000000         
   63 00000000 00000000 
                       __Vectors
                               DCD              __initial_sp ; Top of Stack
   64 00000004 00000000        DCD              Reset_Handler ; Reset Handler
   65 00000008 00000000        DCD              NMI_Handler ; NMI Handler
   66 0000000C 00000000        DCD              HardFault_Handler ; Hard Fault 
                                                            Handler
   67 00000010 00000000        DCD              MemManage_Handler 
                                                            ; MPU Fault Handler
                                                            
   68 00000014 00000000        DCD              BusFault_Handler 
                                                            ; Bus Fault Handler
                                                            
   69 00000018 00000000        DCD              UsageFault_Handler ; Usage Faul
                                                            t Handler
   70 0000001C 00000055        DCD              0x55        ; Reserved (used fo
                                                            r alias testing)
   71 00000020 00000000        DCD              0           ; Reserved
   72 00000024 00000000        DCD              0           ; Reserved
   73 00000028 00000000        DCD              0           ; Reserved
   74 0000002C 00000000        DCD              SVC_Handler ; SVCall Handler
   75 00000030 00000000        DCD              DebugMon_Handler ; Debug Monito
                                                            r Handler
   76 00000034 00000000        DCD              0           ; Reserved
   77 00000038 00000000        DCD              PendSV_Handler ; PendSV Handler
                                                            
   78 0000003C 00000000        DCD              SysTick_Handler 
                                                            ; SysTick Handler
   79 00000040         
   80 00000040         ; External Interrupts
   81 00000040 00000000        DCD              UART0_Handler ; UART 0 Handler
   82 00000044 00000000        DCD              GPIO0_Handler ; GPIO 0 Handler
   83 00000048 00000000        DCD              GPIO1_Handler ; GPIO 1 Handler
   84 0000004C 00000000        DCD              QSPI0_Handler ; QUAD SPI 0 (Art
                                                            y board) Handler
   85 00000050 00000000        DCD              DAP_QSPI0_Handler ; DAPLink boa



ARM Macro Assembler    Page 3 


                                                            rd QUAD SPI 0 Handl
                                                            er
   86 00000054 00000000        DCD              DAP_SPI0_Handler ; DAPLink boar
                                                            d SPI 0 Handler
   87 00000058 00000000        DCD              DAP_QSPI_XIP_Handler ; DAPLink 
                                                            board QUAD SPI XIP 
                                                            Handler
   88 0000005C 00000000        DCD              DAPLinkFittedn ; Used as steady
                                                             state GPIO input, 
                                                            not IRQ
   89 00000060 00000000        DCD              Unused_IRQ8 ; Unused
   90 00000064 00000000        DCD              Unused_IRQ9 ; Unused
   91 00000068 00000000        DCD              Unused_IRQ10 ; Unused
   92 0000006C 00000000        DCD              Unused_IRQ11 ; Unused
   93 00000070 00000000        DCD              Unused_IRQ12 ; Unused
   94 00000074 00000000        DCD              Unused_IRQ13 ; Unused
   95 00000078 00000000        DCD              Unused_IRQ14 ; Unused
   96 0000007C 00000000        DCD              Unused_IRQ15 ; Unused
   97 00000080 00000000        DCD              Unused_IRQ16 ; Unused
   98 00000084 00000000        DCD              Unused_IRQ17 ; Unused
   99 00000088 00000000        DCD              Unused_IRQ18 ; Unused
  100 0000008C 00000000        DCD              Unused_IRQ19 ; Unused
  101 00000090 00000000        DCD              Unused_IRQ20 ; Unused
  102 00000094 00000000        DCD              Unused_IRQ21 ; Unused
  103 00000098 00000000        DCD              Unused_IRQ22 ; Unused
  104 0000009C 00000000        DCD              Unused_IRQ23 ; Unused
  105 000000A0 00000000        DCD              Unused_IRQ24 ; Unused
  106 000000A4 00000000        DCD              Unused_IRQ25 ; Unused
  107 000000A8 00000000        DCD              Unused_IRQ26 ; Unused
  108 000000AC 00000000        DCD              Unused_IRQ27 ; Unused
  109 000000B0 00000000        DCD              Unused_IRQ28 ; Unused
  110 000000B4 00000000        DCD              Unused_IRQ29 ; Unused
  111 000000B8 00000000        DCD              Unused_IRQ30 ; Unused
  112 000000BC 00000000        DCD              Unused_IRQ31 ; Unused
  113 000000C0         __Vectors_End
  114 000000C0         
  115 000000C0 000000C0 
                       __Vectors_Size
                               EQU              __Vectors_End - __Vectors
  116 000000C0         
  117 000000C0                 AREA             |.text|, CODE, READONLY
  118 00000000         
  119 00000000         
  120 00000000         ; Reset Handler
  121 00000000         
  122 00000000         Reset_Handler
                               PROC
  123 00000000                 EXPORT           Reset_Handler             [WEAK
]
  124 00000000                 IMPORT           SystemInit
  125 00000000                 IMPORT           __main
  126 00000000 4809            LDR              R0, =SystemInit
  127 00000002 4780            BLX              R0
  128 00000004 4809            LDR              R0, =__main
  129 00000006 4700            BX               R0
  130 00000008                 ENDP
  131 00000008         
  132 00000008         
  133 00000008         ; Dummy Exception Handlers (infinite loops which can be 



ARM Macro Assembler    Page 4 


                       modified)
  134 00000008         
  135 00000008         NMI_Handler
                               PROC
  136 00000008                 EXPORT           NMI_Handler               [WEAK
]
  137 00000008 E7FE            B                .
  138 0000000A                 ENDP
  140 0000000A         HardFault_Handler
                               PROC
  141 0000000A                 EXPORT           HardFault_Handler         [WEAK
]
  142 0000000A E7FE            B                .
  143 0000000C                 ENDP
  145 0000000C         MemManage_Handler
                               PROC
  146 0000000C                 EXPORT           MemManage_Handler         [WEAK
]
  147 0000000C E7FE            B                .
  148 0000000E                 ENDP
  150 0000000E         BusFault_Handler
                               PROC
  151 0000000E                 EXPORT           BusFault_Handler          [WEAK
]
  152 0000000E E7FE            B                .
  153 00000010                 ENDP
  155 00000010         UsageFault_Handler
                               PROC
  156 00000010                 EXPORT           UsageFault_Handler        [WEAK
]
  157 00000010 E7FE            B                .
  158 00000012                 ENDP
  159 00000012         SVC_Handler
                               PROC
  160 00000012                 EXPORT           SVC_Handler               [WEAK
]
  161 00000012 E7FE            B                .
  162 00000014                 ENDP
  164 00000014         DebugMon_Handler
                               PROC
  165 00000014                 EXPORT           DebugMon_Handler          [WEAK
]
  166 00000014 E7FE            B                .
  167 00000016                 ENDP
  169 00000016         PendSV_Handler
                               PROC
  170 00000016                 EXPORT           PendSV_Handler            [WEAK
]
  171 00000016 E7FE            B                .
  172 00000018                 ENDP
  174 00000018         SysTick_Handler
                               PROC
  175 00000018                 EXPORT           SysTick_Handler           [WEAK
]
  176 00000018 E7FE            B                .
  177 0000001A                 ENDP
  178 0000001A         
  179 0000001A         Default_Handler
                               PROC



ARM Macro Assembler    Page 5 


  180 0000001A                 EXPORT           UART0_Handler              [WEA
K]
  181 0000001A                 EXPORT           GPIO0_Handler              [WEA
K]
  182 0000001A                 EXPORT           GPIO1_Handler              [WEA
K]
  183 0000001A                 EXPORT           QSPI0_Handler              [WEA
K]
  184 0000001A                 EXPORT           DAP_QSPI0_Handler          [WEA
K]
  185 0000001A                 EXPORT           DAP_SPI0_Handler           [WEA
K]
  186 0000001A                 EXPORT           DAP_QSPI_XIP_Handler       [WEA
K]
  187 0000001A                 EXPORT           DAPLinkFittedn             [WEA
K]
  188 0000001A                 EXPORT           Unused_IRQ8                [WEA
K]
  189 0000001A                 EXPORT           Unused_IRQ9                [WEA
K]
  190 0000001A                 EXPORT           Unused_IRQ10               [WEA
K]
  191 0000001A                 EXPORT           Unused_IRQ11               [WEA
K]
  192 0000001A                 EXPORT           Unused_IRQ12               [WEA
K]
  193 0000001A                 EXPORT           Unused_IRQ13               [WEA
K]
  194 0000001A                 EXPORT           Unused_IRQ14               [WEA
K]
  195 0000001A                 EXPORT           Unused_IRQ15               [WEA
K]
  196 0000001A                 EXPORT           Unused_IRQ16               [WEA
K]
  197 0000001A                 EXPORT           Unused_IRQ17               [WEA
K]
  198 0000001A                 EXPORT           Unused_IRQ18               [WEA
K]
  199 0000001A                 EXPORT           Unused_IRQ19               [WEA
K]
  200 0000001A                 EXPORT           Unused_IRQ20               [WEA
K]
  201 0000001A                 EXPORT           Unused_IRQ21               [WEA
K]
  202 0000001A                 EXPORT           Unused_IRQ22               [WEA
K]
  203 0000001A                 EXPORT           Unused_IRQ23               [WEA
K]
  204 0000001A                 EXPORT           Unused_IRQ24               [WEA
K]
  205 0000001A                 EXPORT           Unused_IRQ25               [WEA
K]
  206 0000001A                 EXPORT           Unused_IRQ26               [WEA
K]
  207 0000001A                 EXPORT           Unused_IRQ27               [WEA
K]
  208 0000001A                 EXPORT           Unused_IRQ28               [WEA
K]
  209 0000001A                 EXPORT           Unused_IRQ29               [WEA



ARM Macro Assembler    Page 6 


K]
  210 0000001A                 EXPORT           Unused_IRQ30               [WEA
K]
  211 0000001A                 EXPORT           Unused_IRQ31               [WEA
K]
  212 0000001A         
  213 0000001A         UART0_Handler
  214 0000001A         GPIO0_Handler
  215 0000001A         GPIO1_Handler
  216 0000001A         QSPI0_Handler
  217 0000001A         DAP_QSPI0_Handler
  218 0000001A         DAP_SPI0_Handler
  219 0000001A         DAP_QSPI_XIP_Handler
  220 0000001A         DAPLinkFittedn
  221 0000001A         Unused_IRQ8
  222 0000001A         Unused_IRQ9
  223 0000001A         Unused_IRQ10
  224 0000001A         Unused_IRQ11
  225 0000001A         Unused_IRQ12
  226 0000001A         Unused_IRQ13
  227 0000001A         Unused_IRQ14
  228 0000001A         Unused_IRQ15
  229 0000001A         Unused_IRQ16
  230 0000001A         Unused_IRQ17
  231 0000001A         Unused_IRQ18
  232 0000001A         Unused_IRQ19
  233 0000001A         Unused_IRQ20
  234 0000001A         Unused_IRQ21
  235 0000001A         Unused_IRQ22
  236 0000001A         Unused_IRQ23
  237 0000001A         Unused_IRQ24
  238 0000001A         Unused_IRQ25
  239 0000001A         Unused_IRQ26
  240 0000001A         Unused_IRQ27
  241 0000001A         Unused_IRQ28
  242 0000001A         Unused_IRQ29
  243 0000001A         Unused_IRQ30
  244 0000001A         Unused_IRQ31
  245 0000001A E7FE            B                .
  246 0000001C         
  247 0000001C                 ENDP
  248 0000001C         
  249 0000001C         
  250 0000001C                 ALIGN
  251 0000001C         
  252 0000001C         
  253 0000001C         ; User Initial Stack & Heap
  254 0000001C         
  255 0000001C                 IF               :DEF:__MICROLIB
  262 0000001C         
  263 0000001C                 IMPORT           __use_two_region_memory
  264 0000001C                 EXPORT           __user_initial_stackheap
  265 0000001C         
  266 0000001C         __user_initial_stackheap
                               PROC
  267 0000001C 4804            LDR              R0, =  Heap_Mem
  268 0000001E 4905            LDR              R1, =(Stack_Mem + Stack_Size)
  269 00000020 4A05            LDR              R2, = (Heap_Mem +  Heap_Size)
  270 00000022 4B06            LDR              R3, = Stack_Mem



ARM Macro Assembler    Page 7 


  271 00000024 4770            BX               LR
  272 00000026                 ENDP
  273 00000026         
  274 00000026 00 00           ALIGN
  275 00000028         
  276 00000028                 ENDIF
  277 00000028         
  278 00000028         
  279 00000028                 END
              00000000 
              00000000 
              00000000 
              00000400 
              00000C00 
              00000000 
Command Line: --debug --xref --diag_suppress=9931 --cpu=Cortex-M3 --apcs=interw
ork --depend=.\objects\startup_arty_cm3.d -o.\objects\startup_arty_cm3.o -I.\RT
E\_m3_for_arty_a7 -ID:\yf105\keil5\Packs\ARM\CMSIS\5.8.0\CMSIS\Core\Include -ID
:\yf105\keil5\Packs\ARM\CMSIS\5.8.0\Device\ARM\ARMCM3\Include --predefine="__UV
ISION_VERSION SETA 536" --predefine="_RTE_ SETA 1" --predefine="ARMCM3 SETA 1" 
--predefine="_RTE_ SETA 1" --list=.\objects\startup_arty_cm3.lst ..\cmsis\Devic
e\Source\ARTY_CM3\ARM\startup_ARTY_CM3.s



ARM Macro Assembler    Page 1 Alphabetic symbol ordering
Relocatable symbols

STACK 00000000

Symbol: STACK
   Definitions
      At line 35 in file ..\cmsis\Device\Source\ARTY_CM3\ARM\startup_ARTY_CM3.s
   Uses
      None
Comment: STACK unused
Stack_Mem 00000000

Symbol: Stack_Mem
   Definitions
      At line 36 in file ..\cmsis\Device\Source\ARTY_CM3\ARM\startup_ARTY_CM3.s
   Uses
      At line 268 in file ..\cmsis\Device\Source\ARTY_CM3\ARM\startup_ARTY_CM3.
s
      At line 270 in file ..\cmsis\Device\Source\ARTY_CM3\ARM\startup_ARTY_CM3.
s

__initial_sp 00000400

Symbol: __initial_sp
   Definitions
      At line 37 in file ..\cmsis\Device\Source\ARTY_CM3\ARM\startup_ARTY_CM3.s
   Uses
      At line 63 in file ..\cmsis\Device\Source\ARTY_CM3\ARM\startup_ARTY_CM3.s
Comment: __initial_sp used once
3 symbols



ARM Macro Assembler    Page 1 Alphabetic symbol ordering
Relocatable symbols

HEAP 00000000

Symbol: HEAP
   Definitions
      At line 46 in file ..\cmsis\Device\Source\ARTY_CM3\ARM\startup_ARTY_CM3.s
   Uses
      None
Comment: HEAP unused
Heap_Mem 00000000

Symbol: Heap_Mem
   Definitions
      At line 48 in file ..\cmsis\Device\Source\ARTY_CM3\ARM\startup_ARTY_CM3.s
   Uses
      At line 267 in file ..\cmsis\Device\Source\ARTY_CM3\ARM\startup_ARTY_CM3.
s
      At line 269 in file ..\cmsis\Device\Source\ARTY_CM3\ARM\startup_ARTY_CM3.
s

__heap_base 00000000

Symbol: __heap_base
   Definitions
      At line 47 in file ..\cmsis\Device\Source\ARTY_CM3\ARM\startup_ARTY_CM3.s
   Uses
      None
Comment: __heap_base unused
__heap_limit 00000C00

Symbol: __heap_limit
   Definitions
      At line 49 in file ..\cmsis\Device\Source\ARTY_CM3\ARM\startup_ARTY_CM3.s
   Uses
      None
Comment: __heap_limit unused
4 symbols



ARM Macro Assembler    Page 1 Alphabetic symbol ordering
Relocatable symbols

RESET 00000000

Symbol: RESET
   Definitions
      At line 58 in file ..\cmsis\Device\Source\ARTY_CM3\ARM\startup_ARTY_CM3.s
   Uses
      None
Comment: RESET unused
__Vectors 00000000

Symbol: __Vectors
   Definitions
      At line 63 in file ..\cmsis\Device\Source\ARTY_CM3\ARM\startup_ARTY_CM3.s
   Uses
      At line 59 in file ..\cmsis\Device\Source\ARTY_CM3\ARM\startup_ARTY_CM3.s
      At line 115 in file ..\cmsis\Device\Source\ARTY_CM3\ARM\startup_ARTY_CM3.
s

__Vectors_End 000000C0

Symbol: __Vectors_End
   Definitions
      At line 113 in file ..\cmsis\Device\Source\ARTY_CM3\ARM\startup_ARTY_CM3.
s
   Uses
      At line 60 in file ..\cmsis\Device\Source\ARTY_CM3\ARM\startup_ARTY_CM3.s
      At line 115 in file ..\cmsis\Device\Source\ARTY_CM3\ARM\startup_ARTY_CM3.
s

3 symbols



ARM Macro Assembler    Page 1 Alphabetic symbol ordering
Relocatable symbols

.text 00000000

Symbol: .text
   Definitions
      At line 117 in file ..\cmsis\Device\Source\ARTY_CM3\ARM\startup_ARTY_CM3.
s
   Uses
      None
Comment: .text unused
BusFault_Handler 0000000E

Symbol: BusFault_Handler
   Definitions
      At line 150 in file ..\cmsis\Device\Source\ARTY_CM3\ARM\startup_ARTY_CM3.
s
   Uses
      At line 68 in file ..\cmsis\Device\Source\ARTY_CM3\ARM\startup_ARTY_CM3.s
      At line 151 in file ..\cmsis\Device\Source\ARTY_CM3\ARM\startup_ARTY_CM3.
s

DAPLinkFittedn 0000001A

Symbol: DAPLinkFittedn
   Definitions
      At line 220 in file ..\cmsis\Device\Source\ARTY_CM3\ARM\startup_ARTY_CM3.
s
   Uses
      At line 88 in file ..\cmsis\Device\Source\ARTY_CM3\ARM\startup_ARTY_CM3.s
      At line 187 in file ..\cmsis\Device\Source\ARTY_CM3\ARM\startup_ARTY_CM3.
s

DAP_QSPI0_Handler 0000001A

Symbol: DAP_QSPI0_Handler
   Definitions
      At line 217 in file ..\cmsis\Device\Source\ARTY_CM3\ARM\startup_ARTY_CM3.
s
   Uses
      At line 85 in file ..\cmsis\Device\Source\ARTY_CM3\ARM\startup_ARTY_CM3.s
      At line 184 in file ..\cmsis\Device\Source\ARTY_CM3\ARM\startup_ARTY_CM3.
s

DAP_QSPI_XIP_Handler 0000001A

Symbol: DAP_QSPI_XIP_Handler
   Definitions
      At line 219 in file ..\cmsis\Device\Source\ARTY_CM3\ARM\startup_ARTY_CM3.
s
   Uses
      At line 87 in file ..\cmsis\Device\Source\ARTY_CM3\ARM\startup_ARTY_CM3.s
      At line 186 in file ..\cmsis\Device\Source\ARTY_CM3\ARM\startup_ARTY_CM3.
s

DAP_SPI0_Handler 0000001A

Symbol: DAP_SPI0_Handler
   Definitions
      At line 218 in file ..\cmsis\Device\Source\ARTY_CM3\ARM\startup_ARTY_CM3.
s



ARM Macro Assembler    Page 2 Alphabetic symbol ordering
Relocatable symbols

   Uses
      At line 86 in file ..\cmsis\Device\Source\ARTY_CM3\ARM\startup_ARTY_CM3.s
      At line 185 in file ..\cmsis\Device\Source\ARTY_CM3\ARM\startup_ARTY_CM3.
s

DebugMon_Handler 00000014

Symbol: DebugMon_Handler
   Definitions
      At line 164 in file ..\cmsis\Device\Source\ARTY_CM3\ARM\startup_ARTY_CM3.
s
   Uses
      At line 75 in file ..\cmsis\Device\Source\ARTY_CM3\ARM\startup_ARTY_CM3.s
      At line 165 in file ..\cmsis\Device\Source\ARTY_CM3\ARM\startup_ARTY_CM3.
s

Default_Handler 0000001A

Symbol: Default_Handler
   Definitions
      At line 179 in file ..\cmsis\Device\Source\ARTY_CM3\ARM\startup_ARTY_CM3.
s
   Uses
      None
Comment: Default_Handler unused
GPIO0_Handler 0000001A

Symbol: GPIO0_Handler
   Definitions
      At line 214 in file ..\cmsis\Device\Source\ARTY_CM3\ARM\startup_ARTY_CM3.
s
   Uses
      At line 82 in file ..\cmsis\Device\Source\ARTY_CM3\ARM\startup_ARTY_CM3.s
      At line 181 in file ..\cmsis\Device\Source\ARTY_CM3\ARM\startup_ARTY_CM3.
s

GPIO1_Handler 0000001A

Symbol: GPIO1_Handler
   Definitions
      At line 215 in file ..\cmsis\Device\Source\ARTY_CM3\ARM\startup_ARTY_CM3.
s
   Uses
      At line 83 in file ..\cmsis\Device\Source\ARTY_CM3\ARM\startup_ARTY_CM3.s
      At line 182 in file ..\cmsis\Device\Source\ARTY_CM3\ARM\startup_ARTY_CM3.
s

HardFault_Handler 0000000A

Symbol: HardFault_Handler
   Definitions
      At line 140 in file ..\cmsis\Device\Source\ARTY_CM3\ARM\startup_ARTY_CM3.
s
   Uses
      At line 66 in file ..\cmsis\Device\Source\ARTY_CM3\ARM\startup_ARTY_CM3.s
      At line 141 in file ..\cmsis\Device\Source\ARTY_CM3\ARM\startup_ARTY_CM3.
s

MemManage_Handler 0000000C



ARM Macro Assembler    Page 3 Alphabetic symbol ordering
Relocatable symbols


Symbol: MemManage_Handler
   Definitions
      At line 145 in file ..\cmsis\Device\Source\ARTY_CM3\ARM\startup_ARTY_CM3.
s
   Uses
      At line 67 in file ..\cmsis\Device\Source\ARTY_CM3\ARM\startup_ARTY_CM3.s
      At line 146 in file ..\cmsis\Device\Source\ARTY_CM3\ARM\startup_ARTY_CM3.
s

NMI_Handler 00000008

Symbol: NMI_Handler
   Definitions
      At line 135 in file ..\cmsis\Device\Source\ARTY_CM3\ARM\startup_ARTY_CM3.
s
   Uses
      At line 65 in file ..\cmsis\Device\Source\ARTY_CM3\ARM\startup_ARTY_CM3.s
      At line 136 in file ..\cmsis\Device\Source\ARTY_CM3\ARM\startup_ARTY_CM3.
s

PendSV_Handler 00000016

Symbol: PendSV_Handler
   Definitions
      At line 169 in file ..\cmsis\Device\Source\ARTY_CM3\ARM\startup_ARTY_CM3.
s
   Uses
      At line 77 in file ..\cmsis\Device\Source\ARTY_CM3\ARM\startup_ARTY_CM3.s
      At line 170 in file ..\cmsis\Device\Source\ARTY_CM3\ARM\startup_ARTY_CM3.
s

QSPI0_Handler 0000001A

Symbol: QSPI0_Handler
   Definitions
      At line 216 in file ..\cmsis\Device\Source\ARTY_CM3\ARM\startup_ARTY_CM3.
s
   Uses
      At line 84 in file ..\cmsis\Device\Source\ARTY_CM3\ARM\startup_ARTY_CM3.s
      At line 183 in file ..\cmsis\Device\Source\ARTY_CM3\ARM\startup_ARTY_CM3.
s

Reset_Handler 00000000

Symbol: Reset_Handler
   Definitions
      At line 122 in file ..\cmsis\Device\Source\ARTY_CM3\ARM\startup_ARTY_CM3.
s
   Uses
      At line 64 in file ..\cmsis\Device\Source\ARTY_CM3\ARM\startup_ARTY_CM3.s
      At line 123 in file ..\cmsis\Device\Source\ARTY_CM3\ARM\startup_ARTY_CM3.
s

SVC_Handler 00000012

Symbol: SVC_Handler
   Definitions
      At line 159 in file ..\cmsis\Device\Source\ARTY_CM3\ARM\startup_ARTY_CM3.



ARM Macro Assembler    Page 4 Alphabetic symbol ordering
Relocatable symbols

s
   Uses
      At line 74 in file ..\cmsis\Device\Source\ARTY_CM3\ARM\startup_ARTY_CM3.s
      At line 160 in file ..\cmsis\Device\Source\ARTY_CM3\ARM\startup_ARTY_CM3.
s

SysTick_Handler 00000018

Symbol: SysTick_Handler
   Definitions
      At line 174 in file ..\cmsis\Device\Source\ARTY_CM3\ARM\startup_ARTY_CM3.
s
   Uses
      At line 78 in file ..\cmsis\Device\Source\ARTY_CM3\ARM\startup_ARTY_CM3.s
      At line 175 in file ..\cmsis\Device\Source\ARTY_CM3\ARM\startup_ARTY_CM3.
s

UART0_Handler 0000001A

Symbol: UART0_Handler
   Definitions
      At line 213 in file ..\cmsis\Device\Source\ARTY_CM3\ARM\startup_ARTY_CM3.
s
   Uses
      At line 81 in file ..\cmsis\Device\Source\ARTY_CM3\ARM\startup_ARTY_CM3.s
      At line 180 in file ..\cmsis\Device\Source\ARTY_CM3\ARM\startup_ARTY_CM3.
s

Unused_IRQ10 0000001A

Symbol: Unused_IRQ10
   Definitions
      At line 223 in file ..\cmsis\Device\Source\ARTY_CM3\ARM\startup_ARTY_CM3.
s
   Uses
      At line 91 in file ..\cmsis\Device\Source\ARTY_CM3\ARM\startup_ARTY_CM3.s
      At line 190 in file ..\cmsis\Device\Source\ARTY_CM3\ARM\startup_ARTY_CM3.
s

Unused_IRQ11 0000001A

Symbol: Unused_IRQ11
   Definitions
      At line 224 in file ..\cmsis\Device\Source\ARTY_CM3\ARM\startup_ARTY_CM3.
s
   Uses
      At line 92 in file ..\cmsis\Device\Source\ARTY_CM3\ARM\startup_ARTY_CM3.s
      At line 191 in file ..\cmsis\Device\Source\ARTY_CM3\ARM\startup_ARTY_CM3.
s

Unused_IRQ12 0000001A

Symbol: Unused_IRQ12
   Definitions
      At line 225 in file ..\cmsis\Device\Source\ARTY_CM3\ARM\startup_ARTY_CM3.
s
   Uses
      At line 93 in file ..\cmsis\Device\Source\ARTY_CM3\ARM\startup_ARTY_CM3.s
      At line 192 in file ..\cmsis\Device\Source\ARTY_CM3\ARM\startup_ARTY_CM3.



ARM Macro Assembler    Page 5 Alphabetic symbol ordering
Relocatable symbols

s

Unused_IRQ13 0000001A

Symbol: Unused_IRQ13
   Definitions
      At line 226 in file ..\cmsis\Device\Source\ARTY_CM3\ARM\startup_ARTY_CM3.
s
   Uses
      At line 94 in file ..\cmsis\Device\Source\ARTY_CM3\ARM\startup_ARTY_CM3.s
      At line 193 in file ..\cmsis\Device\Source\ARTY_CM3\ARM\startup_ARTY_CM3.
s

Unused_IRQ14 0000001A

Symbol: Unused_IRQ14
   Definitions
      At line 227 in file ..\cmsis\Device\Source\ARTY_CM3\ARM\startup_ARTY_CM3.
s
   Uses
      At line 95 in file ..\cmsis\Device\Source\ARTY_CM3\ARM\startup_ARTY_CM3.s
      At line 194 in file ..\cmsis\Device\Source\ARTY_CM3\ARM\startup_ARTY_CM3.
s

Unused_IRQ15 0000001A

Symbol: Unused_IRQ15
   Definitions
      At line 228 in file ..\cmsis\Device\Source\ARTY_CM3\ARM\startup_ARTY_CM3.
s
   Uses
      At line 96 in file ..\cmsis\Device\Source\ARTY_CM3\ARM\startup_ARTY_CM3.s
      At line 195 in file ..\cmsis\Device\Source\ARTY_CM3\ARM\startup_ARTY_CM3.
s

Unused_IRQ16 0000001A

Symbol: Unused_IRQ16
   Definitions
      At line 229 in file ..\cmsis\Device\Source\ARTY_CM3\ARM\startup_ARTY_CM3.
s
   Uses
      At line 97 in file ..\cmsis\Device\Source\ARTY_CM3\ARM\startup_ARTY_CM3.s
      At line 196 in file ..\cmsis\Device\Source\ARTY_CM3\ARM\startup_ARTY_CM3.
s

Unused_IRQ17 0000001A

Symbol: Unused_IRQ17
   Definitions
      At line 230 in file ..\cmsis\Device\Source\ARTY_CM3\ARM\startup_ARTY_CM3.
s
   Uses
      At line 98 in file ..\cmsis\Device\Source\ARTY_CM3\ARM\startup_ARTY_CM3.s
      At line 197 in file ..\cmsis\Device\Source\ARTY_CM3\ARM\startup_ARTY_CM3.
s

Unused_IRQ18 0000001A




ARM Macro Assembler    Page 6 Alphabetic symbol ordering
Relocatable symbols

Symbol: Unused_IRQ18
   Definitions
      At line 231 in file ..\cmsis\Device\Source\ARTY_CM3\ARM\startup_ARTY_CM3.
s
   Uses
      At line 99 in file ..\cmsis\Device\Source\ARTY_CM3\ARM\startup_ARTY_CM3.s
      At line 198 in file ..\cmsis\Device\Source\ARTY_CM3\ARM\startup_ARTY_CM3.
s

Unused_IRQ19 0000001A

Symbol: Unused_IRQ19
   Definitions
      At line 232 in file ..\cmsis\Device\Source\ARTY_CM3\ARM\startup_ARTY_CM3.
s
   Uses
      At line 100 in file ..\cmsis\Device\Source\ARTY_CM3\ARM\startup_ARTY_CM3.
s
      At line 199 in file ..\cmsis\Device\Source\ARTY_CM3\ARM\startup_ARTY_CM3.
s

Unused_IRQ20 0000001A

Symbol: Unused_IRQ20
   Definitions
      At line 233 in file ..\cmsis\Device\Source\ARTY_CM3\ARM\startup_ARTY_CM3.
s
   Uses
      At line 101 in file ..\cmsis\Device\Source\ARTY_CM3\ARM\startup_ARTY_CM3.
s
      At line 200 in file ..\cmsis\Device\Source\ARTY_CM3\ARM\startup_ARTY_CM3.
s

Unused_IRQ21 0000001A

Symbol: Unused_IRQ21
   Definitions
      At line 234 in file ..\cmsis\Device\Source\ARTY_CM3\ARM\startup_ARTY_CM3.
s
   Uses
      At line 102 in file ..\cmsis\Device\Source\ARTY_CM3\ARM\startup_ARTY_CM3.
s
      At line 201 in file ..\cmsis\Device\Source\ARTY_CM3\ARM\startup_ARTY_CM3.
s

Unused_IRQ22 0000001A

Symbol: Unused_IRQ22
   Definitions
      At line 235 in file ..\cmsis\Device\Source\ARTY_CM3\ARM\startup_ARTY_CM3.
s
   Uses
      At line 103 in file ..\cmsis\Device\Source\ARTY_CM3\ARM\startup_ARTY_CM3.
s
      At line 202 in file ..\cmsis\Device\Source\ARTY_CM3\ARM\startup_ARTY_CM3.
s

Unused_IRQ23 0000001A




ARM Macro Assembler    Page 7 Alphabetic symbol ordering
Relocatable symbols

Symbol: Unused_IRQ23
   Definitions
      At line 236 in file ..\cmsis\Device\Source\ARTY_CM3\ARM\startup_ARTY_CM3.
s
   Uses
      At line 104 in file ..\cmsis\Device\Source\ARTY_CM3\ARM\startup_ARTY_CM3.
s
      At line 203 in file ..\cmsis\Device\Source\ARTY_CM3\ARM\startup_ARTY_CM3.
s

Unused_IRQ24 0000001A

Symbol: Unused_IRQ24
   Definitions
      At line 237 in file ..\cmsis\Device\Source\ARTY_CM3\ARM\startup_ARTY_CM3.
s
   Uses
      At line 105 in file ..\cmsis\Device\Source\ARTY_CM3\ARM\startup_ARTY_CM3.
s
      At line 204 in file ..\cmsis\Device\Source\ARTY_CM3\ARM\startup_ARTY_CM3.
s

Unused_IRQ25 0000001A

Symbol: Unused_IRQ25
   Definitions
      At line 238 in file ..\cmsis\Device\Source\ARTY_CM3\ARM\startup_ARTY_CM3.
s
   Uses
      At line 106 in file ..\cmsis\Device\Source\ARTY_CM3\ARM\startup_ARTY_CM3.
s
      At line 205 in file ..\cmsis\Device\Source\ARTY_CM3\ARM\startup_ARTY_CM3.
s

Unused_IRQ26 0000001A

Symbol: Unused_IRQ26
   Definitions
      At line 239 in file ..\cmsis\Device\Source\ARTY_CM3\ARM\startup_ARTY_CM3.
s
   Uses
      At line 107 in file ..\cmsis\Device\Source\ARTY_CM3\ARM\startup_ARTY_CM3.
s
      At line 206 in file ..\cmsis\Device\Source\ARTY_CM3\ARM\startup_ARTY_CM3.
s

Unused_IRQ27 0000001A

Symbol: Unused_IRQ27
   Definitions
      At line 240 in file ..\cmsis\Device\Source\ARTY_CM3\ARM\startup_ARTY_CM3.
s
   Uses
      At line 108 in file ..\cmsis\Device\Source\ARTY_CM3\ARM\startup_ARTY_CM3.
s
      At line 207 in file ..\cmsis\Device\Source\ARTY_CM3\ARM\startup_ARTY_CM3.
s

Unused_IRQ28 0000001A



ARM Macro Assembler    Page 8 Alphabetic symbol ordering
Relocatable symbols


Symbol: Unused_IRQ28
   Definitions
      At line 241 in file ..\cmsis\Device\Source\ARTY_CM3\ARM\startup_ARTY_CM3.
s
   Uses
      At line 109 in file ..\cmsis\Device\Source\ARTY_CM3\ARM\startup_ARTY_CM3.
s
      At line 208 in file ..\cmsis\Device\Source\ARTY_CM3\ARM\startup_ARTY_CM3.
s

Unused_IRQ29 0000001A

Symbol: Unused_IRQ29
   Definitions
      At line 242 in file ..\cmsis\Device\Source\ARTY_CM3\ARM\startup_ARTY_CM3.
s
   Uses
      At line 110 in file ..\cmsis\Device\Source\ARTY_CM3\ARM\startup_ARTY_CM3.
s
      At line 209 in file ..\cmsis\Device\Source\ARTY_CM3\ARM\startup_ARTY_CM3.
s

Unused_IRQ30 0000001A

Symbol: Unused_IRQ30
   Definitions
      At line 243 in file ..\cmsis\Device\Source\ARTY_CM3\ARM\startup_ARTY_CM3.
s
   Uses
      At line 111 in file ..\cmsis\Device\Source\ARTY_CM3\ARM\startup_ARTY_CM3.
s
      At line 210 in file ..\cmsis\Device\Source\ARTY_CM3\ARM\startup_ARTY_CM3.
s

Unused_IRQ31 0000001A

Symbol: Unused_IRQ31
   Definitions
      At line 244 in file ..\cmsis\Device\Source\ARTY_CM3\ARM\startup_ARTY_CM3.
s
   Uses
      At line 112 in file ..\cmsis\Device\Source\ARTY_CM3\ARM\startup_ARTY_CM3.
s
      At line 211 in file ..\cmsis\Device\Source\ARTY_CM3\ARM\startup_ARTY_CM3.
s

Unused_IRQ8 0000001A

Symbol: Unused_IRQ8
   Definitions
      At line 221 in file ..\cmsis\Device\Source\ARTY_CM3\ARM\startup_ARTY_CM3.
s
   Uses
      At line 89 in file ..\cmsis\Device\Source\ARTY_CM3\ARM\startup_ARTY_CM3.s
      At line 188 in file ..\cmsis\Device\Source\ARTY_CM3\ARM\startup_ARTY_CM3.
s

Unused_IRQ9 0000001A



ARM Macro Assembler    Page 9 Alphabetic symbol ordering
Relocatable symbols


Symbol: Unused_IRQ9
   Definitions
      At line 222 in file ..\cmsis\Device\Source\ARTY_CM3\ARM\startup_ARTY_CM3.
s
   Uses
      At line 90 in file ..\cmsis\Device\Source\ARTY_CM3\ARM\startup_ARTY_CM3.s
      At line 189 in file ..\cmsis\Device\Source\ARTY_CM3\ARM\startup_ARTY_CM3.
s

UsageFault_Handler 00000010

Symbol: UsageFault_Handler
   Definitions
      At line 155 in file ..\cmsis\Device\Source\ARTY_CM3\ARM\startup_ARTY_CM3.
s
   Uses
      At line 69 in file ..\cmsis\Device\Source\ARTY_CM3\ARM\startup_ARTY_CM3.s
      At line 156 in file ..\cmsis\Device\Source\ARTY_CM3\ARM\startup_ARTY_CM3.
s

__user_initial_stackheap 0000001C

Symbol: __user_initial_stackheap
   Definitions
      At line 266 in file ..\cmsis\Device\Source\ARTY_CM3\ARM\startup_ARTY_CM3.
s
   Uses
      At line 264 in file ..\cmsis\Device\Source\ARTY_CM3\ARM\startup_ARTY_CM3.
s
Comment: __user_initial_stackheap used once
45 symbols



ARM Macro Assembler    Page 1 Alphabetic symbol ordering
Absolute symbols

Heap_Size 00000C00

Symbol: Heap_Size
   Definitions
      At line 44 in file ..\cmsis\Device\Source\ARTY_CM3\ARM\startup_ARTY_CM3.s
   Uses
      At line 48 in file ..\cmsis\Device\Source\ARTY_CM3\ARM\startup_ARTY_CM3.s
      At line 269 in file ..\cmsis\Device\Source\ARTY_CM3\ARM\startup_ARTY_CM3.
s

Stack_Size 00000400

Symbol: Stack_Size
   Definitions
      At line 33 in file ..\cmsis\Device\Source\ARTY_CM3\ARM\startup_ARTY_CM3.s
   Uses
      At line 36 in file ..\cmsis\Device\Source\ARTY_CM3\ARM\startup_ARTY_CM3.s
      At line 268 in file ..\cmsis\Device\Source\ARTY_CM3\ARM\startup_ARTY_CM3.
s

__Vectors_Size 000000C0

Symbol: __Vectors_Size
   Definitions
      At line 115 in file ..\cmsis\Device\Source\ARTY_CM3\ARM\startup_ARTY_CM3.
s
   Uses
      At line 61 in file ..\cmsis\Device\Source\ARTY_CM3\ARM\startup_ARTY_CM3.s
Comment: __Vectors_Size used once
3 symbols



ARM Macro Assembler    Page 1 Alphabetic symbol ordering
External symbols

SystemInit 00000000

Symbol: SystemInit
   Definitions
      At line 124 in file ..\cmsis\Device\Source\ARTY_CM3\ARM\startup_ARTY_CM3.
s
   Uses
      At line 126 in file ..\cmsis\Device\Source\ARTY_CM3\ARM\startup_ARTY_CM3.
s
Comment: SystemInit used once
__main 00000000

Symbol: __main
   Definitions
      At line 125 in file ..\cmsis\Device\Source\ARTY_CM3\ARM\startup_ARTY_CM3.
s
   Uses
      At line 128 in file ..\cmsis\Device\Source\ARTY_CM3\ARM\startup_ARTY_CM3.
s
Comment: __main used once
__use_two_region_memory 00000000

Symbol: __use_two_region_memory
   Definitions
      At line 263 in file ..\cmsis\Device\Source\ARTY_CM3\ARM\startup_ARTY_CM3.
s
   Uses
      None
Comment: __use_two_region_memory unused
3 symbols
398 symbols in table
